parsing for year: 2004
parsing for file: /data/patentdata/patents/2004/pg040511.xml
wrote to /home/minyoon/invcount/2004/pg040511.csv
parsing for file: /data/patentdata/patents/2004/pg040316.xml
wrote to /home/minyoon/invcount/2004/pg040316.csv
parsing for file: /data/patentdata/patents/2004/pg040427.xml
wrote to /home/minyoon/invcount/2004/pg040427.csv
parsing for file: /data/patentdata/patents/2004/pg040323.xml
wrote to /home/minyoon/invcount/2004/pg040323.csv
parsing for file: /data/patentdata/patents/2004/pg041026.xml
wrote to /home/minyoon/invcount/2004/pg041026.csv
parsing for file: /data/patentdata/patents/2004/pg040120.xml
wrote to /home/minyoon/invcount/2004/pg040120.csv
parsing for file: /data/patentdata/patents/2004/pg040420.xml
wrote to /home/minyoon/invcount/2004/pg040420.csv
parsing for file: /data/patentdata/patents/2004/pg041012.xml
wrote to /home/minyoon/invcount/2004/pg041012.csv
parsing for file: /data/patentdata/patents/2004/pg041214.xml
wrote to /home/minyoon/invcount/2004/pg041214.csv
parsing for file: /data/patentdata/patents/2004/pg041228.xml
wrote to /home/minyoon/invcount/2004/pg041228.csv
parsing for file: /data/patentdata/patents/2004/pg040106.xml
wrote to /home/minyoon/invcount/2004/pg040106.csv
parsing for file: /data/patentdata/patents/2004/pg040601.xml
wrote to /home/minyoon/invcount/2004/pg040601.csv
parsing for file: /data/patentdata/patents/2004/pg040622.xml
wrote to /home/minyoon/invcount/2004/pg040622.csv
parsing for file: /data/patentdata/patents/2004/pg040406.xml
wrote to /home/minyoon/invcount/2004/pg040406.csv
parsing for file: /data/patentdata/patents/2004/pg040727.xml
wrote to /home/minyoon/invcount/2004/pg040727.csv
parsing for file: /data/patentdata/patents/2004/pg040921.xml
wrote to /home/minyoon/invcount/2004/pg040921.csv
parsing for file: /data/patentdata/patents/2004/pg040803.xml
wrote to /home/minyoon/invcount/2004/pg040803.csv
parsing for file: /data/patentdata/patents/2004/pg040831.xml
wrote to /home/minyoon/invcount/2004/pg040831.csv
parsing for file: /data/patentdata/patents/2004/pg041116.xml
wrote to /home/minyoon/invcount/2004/pg041116.csv
parsing for file: /data/patentdata/patents/2004/pg040210.xml
wrote to /home/minyoon/invcount/2004/pg040210.csv
parsing for file: /data/patentdata/patents/2004/pg041207.xml
wrote to /home/minyoon/invcount/2004/pg041207.csv
parsing for file: /data/patentdata/patents/2004/pg040706.xml
wrote to /home/minyoon/invcount/2004/pg040706.csv
parsing for file: /data/patentdata/patents/2004/pg040914.xml
wrote to /home/minyoon/invcount/2004/pg040914.csv
parsing for file: /data/patentdata/patents/2004/pg040817.xml
wrote to /home/minyoon/invcount/2004/pg040817.csv
parsing for file: /data/patentdata/patents/2004/pg041109.xml
wrote to /home/minyoon/invcount/2004/pg041109.csv
parsing for file: /data/patentdata/patents/2004/pg040907.xml
wrote to /home/minyoon/invcount/2004/pg040907.csv
parsing for file: /data/patentdata/patents/2004/pg041123.xml
wrote to /home/minyoon/invcount/2004/pg041123.csv
parsing for file: /data/patentdata/patents/2004/pg040629.xml
wrote to /home/minyoon/invcount/2004/pg040629.csv
parsing for file: /data/patentdata/patents/2004/pg040217.xml
wrote to /home/minyoon/invcount/2004/pg040217.csv
parsing for file: /data/patentdata/patents/2004/pg040224.xml
wrote to /home/minyoon/invcount/2004/pg040224.csv
parsing for file: /data/patentdata/patents/2004/pg040413.xml
wrote to /home/minyoon/invcount/2004/pg040413.csv
parsing for file: /data/patentdata/patents/2004/pg040608.xml
wrote to /home/minyoon/invcount/2004/pg040608.csv
parsing for file: /data/patentdata/patents/2004/pg040113.xml
wrote to /home/minyoon/invcount/2004/pg040113.csv
parsing for file: /data/patentdata/patents/2004/pg040525.xml
wrote to /home/minyoon/invcount/2004/pg040525.csv
parsing for file: /data/patentdata/patents/2004/pg040928.xml
wrote to /home/minyoon/invcount/2004/pg040928.csv
parsing for file: /data/patentdata/patents/2004/pg041130.xml
wrote to /home/minyoon/invcount/2004/pg041130.csv
parsing for file: /data/patentdata/patents/2004/pg040518.xml
wrote to /home/minyoon/invcount/2004/pg040518.csv
parsing for file: /data/patentdata/patents/2004/pg041221.xml
wrote to /home/minyoon/invcount/2004/pg041221.csv
parsing for file: /data/patentdata/patents/2004/pg040302.xml
wrote to /home/minyoon/invcount/2004/pg040302.csv
parsing for file: /data/patentdata/patents/2004/pg040127.xml
wrote to /home/minyoon/invcount/2004/pg040127.csv
parsing for file: /data/patentdata/patents/2004/pg041019.xml
wrote to /home/minyoon/invcount/2004/pg041019.csv
parsing for file: /data/patentdata/patents/2004/pg040203.xml
wrote to /home/minyoon/invcount/2004/pg040203.csv
parsing for file: /data/patentdata/patents/2004/pg040309.xml
wrote to /home/minyoon/invcount/2004/pg040309.csv
parsing for file: /data/patentdata/patents/2004/pg040824.xml
wrote to /home/minyoon/invcount/2004/pg040824.csv
parsing for file: /data/patentdata/patents/2004/pg040810.xml
wrote to /home/minyoon/invcount/2004/pg040810.csv
parsing for file: /data/patentdata/patents/2004/pg041102.xml
wrote to /home/minyoon/invcount/2004/pg041102.csv
parsing for file: /data/patentdata/patents/2004/pg040720.xml
wrote to /home/minyoon/invcount/2004/pg040720.csv
parsing for file: /data/patentdata/patents/2004/pg040330.xml
wrote to /home/minyoon/invcount/2004/pg040330.csv
parsing for file: /data/patentdata/patents/2004/pg040713.xml
wrote to /home/minyoon/invcount/2004/pg040713.csv
parsing for file: /data/patentdata/patents/2004/pg040504.xml
wrote to /home/minyoon/invcount/2004/pg040504.csv
parsing for file: /data/patentdata/patents/2004/pg041005.xml
wrote to /home/minyoon/invcount/2004/pg041005.csv
parsing for file: /data/patentdata/patents/2004/pg040615.xml
wrote to /home/minyoon/invcount/2004/pg040615.csv
parsing for year: 2005
parsing for file: /data/patentdata/patents/2005/ipg050201.xml
wrote to /home/minyoon/invcount/2005/ipg050201.csv
parsing for file: /data/patentdata/patents/2005/ipg050405.xml
wrote to /home/minyoon/invcount/2005/ipg050405.csv
parsing for file: /data/patentdata/patents/2005/ipg051101.xml
wrote to /home/minyoon/invcount/2005/ipg051101.csv
parsing for file: /data/patentdata/patents/2005/ipg050802.xml
wrote to /home/minyoon/invcount/2005/ipg050802.csv
parsing for file: /data/patentdata/patents/2005/ipg051025.xml
wrote to /home/minyoon/invcount/2005/ipg051025.csv
parsing for file: /data/patentdata/patents/2005/ipg050215.xml
wrote to /home/minyoon/invcount/2005/ipg050215.csv
parsing for file: /data/patentdata/patents/2005/ipg051115.xml
wrote to /home/minyoon/invcount/2005/ipg051115.csv
parsing for file: /data/patentdata/patents/2005/ipg050830.xml
wrote to /home/minyoon/invcount/2005/ipg050830.csv
parsing for file: /data/patentdata/patents/2005/ipg050222.xml
wrote to /home/minyoon/invcount/2005/ipg050222.csv
parsing for file: /data/patentdata/patents/2005/ipg051004.xml
wrote to /home/minyoon/invcount/2005/ipg051004.csv
parsing for file: /data/patentdata/patents/2005/ipg051227.xml
wrote to /home/minyoon/invcount/2005/ipg051227.csv
parsing for file: /data/patentdata/patents/2005/ipg051129.xml
wrote to /home/minyoon/invcount/2005/ipg051129.csv
parsing for file: /data/patentdata/patents/2005/ipg051018.xml
wrote to /home/minyoon/invcount/2005/ipg051018.csv
parsing for file: /data/patentdata/patents/2005/ipg050503.xml
wrote to /home/minyoon/invcount/2005/ipg050503.csv
parsing for file: /data/patentdata/patents/2005/ipg050920.xml
wrote to /home/minyoon/invcount/2005/ipg050920.csv
parsing for file: /data/patentdata/patents/2005/ipg050607.xml
wrote to /home/minyoon/invcount/2005/ipg050607.csv
parsing for file: /data/patentdata/patents/2005/ipg050927.xml
wrote to /home/minyoon/invcount/2005/ipg050927.csv
parsing for file: /data/patentdata/patents/2005/ipg050823.xml
wrote to /home/minyoon/invcount/2005/ipg050823.csv
parsing for file: /data/patentdata/patents/2005/ipg051220.xml
wrote to /home/minyoon/invcount/2005/ipg051220.csv
parsing for file: /data/patentdata/patents/2005/ipg050315.xml
wrote to /home/minyoon/invcount/2005/ipg050315.csv
parsing for file: /data/patentdata/patents/2005/ipg050111.xml
wrote to /home/minyoon/invcount/2005/ipg050111.csv
parsing for file: /data/patentdata/patents/2005/ipg050712.xml
wrote to /home/minyoon/invcount/2005/ipg050712.csv
parsing for file: /data/patentdata/patents/2005/ipg050510.xml
wrote to /home/minyoon/invcount/2005/ipg050510.csv
parsing for file: /data/patentdata/patents/2005/ipg050906.xml
wrote to /home/minyoon/invcount/2005/ipg050906.csv
parsing for file: /data/patentdata/patents/2005/ipg050308.xml
wrote to /home/minyoon/invcount/2005/ipg050308.csv
parsing for file: /data/patentdata/patents/2005/ipg050524.xml
wrote to /home/minyoon/invcount/2005/ipg050524.csv
parsing for file: /data/patentdata/patents/2005/ipg050208.xml
wrote to /home/minyoon/invcount/2005/ipg050208.csv
parsing for file: /data/patentdata/patents/2005/ipg050726.xml
wrote to /home/minyoon/invcount/2005/ipg050726.csv
parsing for file: /data/patentdata/patents/2005/ipg050118.xml
wrote to /home/minyoon/invcount/2005/ipg050118.csv
parsing for file: /data/patentdata/patents/2005/ipg050809.xml
wrote to /home/minyoon/invcount/2005/ipg050809.csv
parsing for file: /data/patentdata/patents/2005/ipg050125.xml
wrote to /home/minyoon/invcount/2005/ipg050125.csv
parsing for file: /data/patentdata/patents/2005/ipg050104.xml
wrote to /home/minyoon/invcount/2005/ipg050104.csv
parsing for file: /data/patentdata/patents/2005/ipg050628.xml
wrote to /home/minyoon/invcount/2005/ipg050628.csv
parsing for file: /data/patentdata/patents/2005/ipg050614.xml
wrote to /home/minyoon/invcount/2005/ipg050614.csv
parsing for file: /data/patentdata/patents/2005/ipg050621.xml
wrote to /home/minyoon/invcount/2005/ipg050621.csv
parsing for file: /data/patentdata/patents/2005/ipg050329.xml
wrote to /home/minyoon/invcount/2005/ipg050329.csv
parsing for file: /data/patentdata/patents/2005/ipg051108.xml
wrote to /home/minyoon/invcount/2005/ipg051108.csv
parsing for file: /data/patentdata/patents/2005/ipg050705.xml
wrote to /home/minyoon/invcount/2005/ipg050705.csv
parsing for file: /data/patentdata/patents/2005/ipg050426.xml
wrote to /home/minyoon/invcount/2005/ipg050426.csv
parsing for file: /data/patentdata/patents/2005/ipg051011.xml
wrote to /home/minyoon/invcount/2005/ipg051011.csv
parsing for file: /data/patentdata/patents/2005/ipg051206.xml
wrote to /home/minyoon/invcount/2005/ipg051206.csv
parsing for file: /data/patentdata/patents/2005/ipg050419.xml
wrote to /home/minyoon/invcount/2005/ipg050419.csv
parsing for file: /data/patentdata/patents/2005/ipg050531.xml
wrote to /home/minyoon/invcount/2005/ipg050531.csv
parsing for file: /data/patentdata/patents/2005/ipg050301.xml
wrote to /home/minyoon/invcount/2005/ipg050301.csv
parsing for file: /data/patentdata/patents/2005/ipg050816.xml
wrote to /home/minyoon/invcount/2005/ipg050816.csv
parsing for file: /data/patentdata/patents/2005/ipg050412.xml
wrote to /home/minyoon/invcount/2005/ipg050412.csv
parsing for file: /data/patentdata/patents/2005/ipg050913.xml
wrote to /home/minyoon/invcount/2005/ipg050913.csv
parsing for file: /data/patentdata/patents/2005/ipg050719.xml
wrote to /home/minyoon/invcount/2005/ipg050719.csv
parsing for file: /data/patentdata/patents/2005/ipg050322.xml
wrote to /home/minyoon/invcount/2005/ipg050322.csv
parsing for file: /data/patentdata/patents/2005/ipg051213.xml
wrote to /home/minyoon/invcount/2005/ipg051213.csv
parsing for file: /data/patentdata/patents/2005/ipg051122.xml
wrote to /home/minyoon/invcount/2005/ipg051122.csv
parsing for file: /data/patentdata/patents/2005/ipg050517.xml
wrote to /home/minyoon/invcount/2005/ipg050517.csv
parsing for year: 2006
parsing for file: /data/patentdata/patents/2006/ipg060124.xml
wrote to /home/minyoon/invcount/2006/ipg060124.csv
parsing for file: /data/patentdata/patents/2006/ipg060718.xml
wrote to /home/minyoon/invcount/2006/ipg060718.csv
parsing for file: /data/patentdata/patents/2006/ipg060919.xml
wrote to /home/minyoon/invcount/2006/ipg060919.csv
parsing for file: /data/patentdata/patents/2006/ipg060606.xml
wrote to /home/minyoon/invcount/2006/ipg060606.csv
parsing for file: /data/patentdata/patents/2006/ipg060207.xml
wrote to /home/minyoon/invcount/2006/ipg060207.csv
parsing for file: /data/patentdata/patents/2006/ipg061212.xml
wrote to /home/minyoon/invcount/2006/ipg061212.csv
parsing for file: /data/patentdata/patents/2006/ipg060801.xml
wrote to /home/minyoon/invcount/2006/ipg060801.csv
parsing for file: /data/patentdata/patents/2006/ipg060523.xml
wrote to /home/minyoon/invcount/2006/ipg060523.csv
parsing for file: /data/patentdata/patents/2006/ipg060221.xml
wrote to /home/minyoon/invcount/2006/ipg060221.csv
parsing for file: /data/patentdata/patents/2006/ipg060905.xml
wrote to /home/minyoon/invcount/2006/ipg060905.csv
parsing for file: /data/patentdata/patents/2006/ipg060117.xml
wrote to /home/minyoon/invcount/2006/ipg060117.csv
parsing for file: /data/patentdata/patents/2006/ipg060110.xml
wrote to /home/minyoon/invcount/2006/ipg060110.csv
parsing for file: /data/patentdata/patents/2006/ipg060321.xml
wrote to /home/minyoon/invcount/2006/ipg060321.csv
parsing for file: /data/patentdata/patents/2006/ipg060103.xml
wrote to /home/minyoon/invcount/2006/ipg060103.csv
parsing for file: /data/patentdata/patents/2006/ipg060307.xml
wrote to /home/minyoon/invcount/2006/ipg060307.csv
parsing for file: /data/patentdata/patents/2006/ipg060404.xml
wrote to /home/minyoon/invcount/2006/ipg060404.csv
parsing for file: /data/patentdata/patents/2006/ipg060829.xml
wrote to /home/minyoon/invcount/2006/ipg060829.csv
parsing for file: /data/patentdata/patents/2006/ipg060704.xml
wrote to /home/minyoon/invcount/2006/ipg060704.csv
parsing for file: /data/patentdata/patents/2006/ipg061017.xml
wrote to /home/minyoon/invcount/2006/ipg061017.csv
parsing for file: /data/patentdata/patents/2006/ipg060815.xml
wrote to /home/minyoon/invcount/2006/ipg060815.csv
parsing for file: /data/patentdata/patents/2006/ipg061024.xml
wrote to /home/minyoon/invcount/2006/ipg061024.csv
parsing for file: /data/patentdata/patents/2006/ipg061031.xml
wrote to /home/minyoon/invcount/2006/ipg061031.csv
parsing for file: /data/patentdata/patents/2006/ipg061205.xml
wrote to /home/minyoon/invcount/2006/ipg061205.csv
parsing for file: /data/patentdata/patents/2006/ipg061219.xml
wrote to /home/minyoon/invcount/2006/ipg061219.csv
parsing for file: /data/patentdata/patents/2006/ipg060425.xml
wrote to /home/minyoon/invcount/2006/ipg060425.csv
parsing for file: /data/patentdata/patents/2006/ipg060314.xml
wrote to /home/minyoon/invcount/2006/ipg060314.csv
parsing for file: /data/patentdata/patents/2006/ipg060509.xml
wrote to /home/minyoon/invcount/2006/ipg060509.csv
parsing for file: /data/patentdata/patents/2006/ipg061226.xml
wrote to /home/minyoon/invcount/2006/ipg061226.csv
parsing for file: /data/patentdata/patents/2006/ipg060912.xml
wrote to /home/minyoon/invcount/2006/ipg060912.csv
parsing for file: /data/patentdata/patents/2006/ipg060516.xml
wrote to /home/minyoon/invcount/2006/ipg060516.csv
parsing for file: /data/patentdata/patents/2006/ipg060711.xml
wrote to /home/minyoon/invcount/2006/ipg060711.csv
parsing for file: /data/patentdata/patents/2006/ipg060328.xml
wrote to /home/minyoon/invcount/2006/ipg060328.csv
parsing for file: /data/patentdata/patents/2006/ipg060214.xml
wrote to /home/minyoon/invcount/2006/ipg060214.csv
parsing for file: /data/patentdata/patents/2006/ipg061010.xml
wrote to /home/minyoon/invcount/2006/ipg061010.csv
parsing for file: /data/patentdata/patents/2006/ipg060808.xml
wrote to /home/minyoon/invcount/2006/ipg060808.csv
parsing for file: /data/patentdata/patents/2006/ipg060725.xml
wrote to /home/minyoon/invcount/2006/ipg060725.csv
parsing for file: /data/patentdata/patents/2006/ipg061121.xml
wrote to /home/minyoon/invcount/2006/ipg061121.csv
parsing for file: /data/patentdata/patents/2006/ipg060502.xml
wrote to /home/minyoon/invcount/2006/ipg060502.csv
parsing for file: /data/patentdata/patents/2006/ipg060530.xml
wrote to /home/minyoon/invcount/2006/ipg060530.csv
parsing for file: /data/patentdata/patents/2006/ipg060411.xml
wrote to /home/minyoon/invcount/2006/ipg060411.csv
parsing for file: /data/patentdata/patents/2006/ipg060822.xml
wrote to /home/minyoon/invcount/2006/ipg060822.csv
parsing for file: /data/patentdata/patents/2006/ipg061114.xml
wrote to /home/minyoon/invcount/2006/ipg061114.csv
parsing for file: /data/patentdata/patents/2006/ipg061107.xml
wrote to /home/minyoon/invcount/2006/ipg061107.csv
parsing for file: /data/patentdata/patents/2006/ipg060131.xml
wrote to /home/minyoon/invcount/2006/ipg060131.csv
parsing for file: /data/patentdata/patents/2006/ipg060418.xml
wrote to /home/minyoon/invcount/2006/ipg060418.csv
parsing for file: /data/patentdata/patents/2006/ipg060620.xml
wrote to /home/minyoon/invcount/2006/ipg060620.csv
parsing for file: /data/patentdata/patents/2006/ipg061003.xml
wrote to /home/minyoon/invcount/2006/ipg061003.csv
parsing for file: /data/patentdata/patents/2006/ipg061128.xml
wrote to /home/minyoon/invcount/2006/ipg061128.csv
parsing for file: /data/patentdata/patents/2006/ipg060926.xml
wrote to /home/minyoon/invcount/2006/ipg060926.csv
parsing for file: /data/patentdata/patents/2006/ipg060228.xml
wrote to /home/minyoon/invcount/2006/ipg060228.csv
parsing for file: /data/patentdata/patents/2006/ipg060627.xml
wrote to /home/minyoon/invcount/2006/ipg060627.csv
parsing for file: /data/patentdata/patents/2006/ipg060613.xml
wrote to /home/minyoon/invcount/2006/ipg060613.csv
parsing for year: 2007
parsing for file: /data/patentdata/patents/2007/ipg070227.xml
wrote to /home/minyoon/invcount/2007/ipg070227.csv
parsing for file: /data/patentdata/patents/2007/ipg070206.xml
wrote to /home/minyoon/invcount/2007/ipg070206.csv
parsing for file: /data/patentdata/patents/2007/ipg070821.xml
wrote to /home/minyoon/invcount/2007/ipg070821.csv
parsing for file: /data/patentdata/patents/2007/ipg071127.xml
wrote to /home/minyoon/invcount/2007/ipg071127.csv
parsing for file: /data/patentdata/patents/2007/ipg070626.xml
wrote to /home/minyoon/invcount/2007/ipg070626.csv
parsing for file: /data/patentdata/patents/2007/ipg071002.xml
wrote to /home/minyoon/invcount/2007/ipg071002.csv
parsing for file: /data/patentdata/patents/2007/ipg070501.xml
wrote to /home/minyoon/invcount/2007/ipg070501.csv
parsing for file: /data/patentdata/patents/2007/ipg070417.xml
wrote to /home/minyoon/invcount/2007/ipg070417.csv
parsing for file: /data/patentdata/patents/2007/ipg071030.xml
wrote to /home/minyoon/invcount/2007/ipg071030.csv
parsing for file: /data/patentdata/patents/2007/ipg071225.xml
wrote to /home/minyoon/invcount/2007/ipg071225.csv
parsing for file: /data/patentdata/patents/2007/ipg070612.xml
wrote to /home/minyoon/invcount/2007/ipg070612.csv
parsing for file: /data/patentdata/patents/2007/ipg071218.xml
wrote to /home/minyoon/invcount/2007/ipg071218.csv
parsing for file: /data/patentdata/patents/2007/ipg070724.xml
wrote to /home/minyoon/invcount/2007/ipg070724.csv
parsing for file: /data/patentdata/patents/2007/ipg070109.xml
wrote to /home/minyoon/invcount/2007/ipg070109.csv
parsing for file: /data/patentdata/patents/2007/ipg070925.xml
wrote to /home/minyoon/invcount/2007/ipg070925.csv
parsing for file: /data/patentdata/patents/2007/ipg071113.xml
wrote to /home/minyoon/invcount/2007/ipg071113.csv
parsing for file: /data/patentdata/patents/2007/ipg070130.xml
wrote to /home/minyoon/invcount/2007/ipg070130.csv
parsing for file: /data/patentdata/patents/2007/ipg070313.xml
wrote to /home/minyoon/invcount/2007/ipg070313.csv
parsing for file: /data/patentdata/patents/2007/ipg070717.xml
wrote to /home/minyoon/invcount/2007/ipg070717.csv
parsing for file: /data/patentdata/patents/2007/ipg070424.xml
wrote to /home/minyoon/invcount/2007/ipg070424.csv
parsing for file: /data/patentdata/patents/2007/ipg070213.xml
wrote to /home/minyoon/invcount/2007/ipg070213.csv
parsing for file: /data/patentdata/patents/2007/ipg070327.xml
wrote to /home/minyoon/invcount/2007/ipg070327.csv
parsing for file: /data/patentdata/patents/2007/ipg070102.xml
wrote to /home/minyoon/invcount/2007/ipg070102.csv
parsing for file: /data/patentdata/patents/2007/ipg070522.xml
wrote to /home/minyoon/invcount/2007/ipg070522.csv
parsing for file: /data/patentdata/patents/2007/ipg070605.xml
wrote to /home/minyoon/invcount/2007/ipg070605.csv
parsing for file: /data/patentdata/patents/2007/ipg070515.xml
wrote to /home/minyoon/invcount/2007/ipg070515.csv
parsing for file: /data/patentdata/patents/2007/ipg070904.xml
wrote to /home/minyoon/invcount/2007/ipg070904.csv
parsing for file: /data/patentdata/patents/2007/ipg071009.xml
wrote to /home/minyoon/invcount/2007/ipg071009.csv
parsing for file: /data/patentdata/patents/2007/ipg070703.xml
wrote to /home/minyoon/invcount/2007/ipg070703.csv
parsing for file: /data/patentdata/patents/2007/ipg070814.xml
wrote to /home/minyoon/invcount/2007/ipg070814.csv
parsing for file: /data/patentdata/patents/2007/ipg070123.xml
wrote to /home/minyoon/invcount/2007/ipg070123.csv
parsing for file: /data/patentdata/patents/2007/ipg070403.xml
wrote to /home/minyoon/invcount/2007/ipg070403.csv
parsing for file: /data/patentdata/patents/2007/ipg070710.xml
wrote to /home/minyoon/invcount/2007/ipg070710.csv
parsing for file: /data/patentdata/patents/2007/ipg070911.xml
wrote to /home/minyoon/invcount/2007/ipg070911.csv
parsing for file: /data/patentdata/patents/2007/ipg070508.xml
wrote to /home/minyoon/invcount/2007/ipg070508.csv
parsing for file: /data/patentdata/patents/2007/ipg070410.xml
wrote to /home/minyoon/invcount/2007/ipg070410.csv
parsing for file: /data/patentdata/patents/2007/ipg070731.xml
wrote to /home/minyoon/invcount/2007/ipg070731.csv
parsing for file: /data/patentdata/patents/2007/ipg070116.xml
wrote to /home/minyoon/invcount/2007/ipg070116.csv
parsing for file: /data/patentdata/patents/2007/ipg070529.xml
wrote to /home/minyoon/invcount/2007/ipg070529.csv
parsing for file: /data/patentdata/patents/2007/ipg070828.xml
wrote to /home/minyoon/invcount/2007/ipg070828.csv
parsing for file: /data/patentdata/patents/2007/ipg070619.xml
wrote to /home/minyoon/invcount/2007/ipg070619.csv
parsing for file: /data/patentdata/patents/2007/ipg071106.xml
wrote to /home/minyoon/invcount/2007/ipg071106.csv
parsing for file: /data/patentdata/patents/2007/ipg070306.xml
wrote to /home/minyoon/invcount/2007/ipg070306.csv
parsing for file: /data/patentdata/patents/2007/ipg071016.xml
wrote to /home/minyoon/invcount/2007/ipg071016.csv
parsing for file: /data/patentdata/patents/2007/ipg070807.xml
wrote to /home/minyoon/invcount/2007/ipg070807.csv
parsing for file: /data/patentdata/patents/2007/ipg071204.xml
wrote to /home/minyoon/invcount/2007/ipg071204.csv
parsing for file: /data/patentdata/patents/2007/ipg071120.xml
wrote to /home/minyoon/invcount/2007/ipg071120.csv
parsing for file: /data/patentdata/patents/2007/ipg070918.xml
wrote to /home/minyoon/invcount/2007/ipg070918.csv
parsing for file: /data/patentdata/patents/2007/ipg070220.xml
wrote to /home/minyoon/invcount/2007/ipg070220.csv
parsing for file: /data/patentdata/patents/2007/ipg070320.xml
wrote to /home/minyoon/invcount/2007/ipg070320.csv
parsing for file: /data/patentdata/patents/2007/ipg071023.xml
wrote to /home/minyoon/invcount/2007/ipg071023.csv
parsing for file: /data/patentdata/patents/2007/ipg071211.xml
wrote to /home/minyoon/invcount/2007/ipg071211.csv
parsing for year: 2008
parsing for file: /data/patentdata/patents/2008/ipg080304.xml
wrote to /home/minyoon/invcount/2008/ipg080304.csv
parsing for file: /data/patentdata/patents/2008/ipg080923.xml
wrote to /home/minyoon/invcount/2008/ipg080923.csv
parsing for file: /data/patentdata/patents/2008/ipg080311.xml
wrote to /home/minyoon/invcount/2008/ipg080311.csv
parsing for file: /data/patentdata/patents/2008/ipg081021.xml
wrote to /home/minyoon/invcount/2008/ipg081021.csv
parsing for file: /data/patentdata/patents/2008/ipg080729.xml
wrote to /home/minyoon/invcount/2008/ipg080729.csv
parsing for file: /data/patentdata/patents/2008/ipg081014.xml
wrote to /home/minyoon/invcount/2008/ipg081014.csv
parsing for file: /data/patentdata/patents/2008/ipg080129.xml
wrote to /home/minyoon/invcount/2008/ipg080129.csv
parsing for file: /data/patentdata/patents/2008/ipg080415.xml
wrote to /home/minyoon/invcount/2008/ipg080415.csv
parsing for file: /data/patentdata/patents/2008/ipg081028.xml
wrote to /home/minyoon/invcount/2008/ipg081028.csv
parsing for file: /data/patentdata/patents/2008/ipg081209.xml
wrote to /home/minyoon/invcount/2008/ipg081209.csv
parsing for file: /data/patentdata/patents/2008/ipg080701.xml
wrote to /home/minyoon/invcount/2008/ipg080701.csv
parsing for file: /data/patentdata/patents/2008/ipg080318.xml
wrote to /home/minyoon/invcount/2008/ipg080318.csv
parsing for file: /data/patentdata/patents/2008/ipg080422.xml
wrote to /home/minyoon/invcount/2008/ipg080422.csv
parsing for file: /data/patentdata/patents/2008/ipg080909.xml
wrote to /home/minyoon/invcount/2008/ipg080909.csv
parsing for file: /data/patentdata/patents/2008/ipg081104.xml
wrote to /home/minyoon/invcount/2008/ipg081104.csv
parsing for file: /data/patentdata/patents/2008/ipg080429.xml
wrote to /home/minyoon/invcount/2008/ipg080429.csv
parsing for file: /data/patentdata/patents/2008/ipg080506.xml
wrote to /home/minyoon/invcount/2008/ipg080506.csv
parsing for file: /data/patentdata/patents/2008/ipg080819.xml
wrote to /home/minyoon/invcount/2008/ipg080819.csv
parsing for file: /data/patentdata/patents/2008/ipg080108.xml
wrote to /home/minyoon/invcount/2008/ipg080108.csv
parsing for file: /data/patentdata/patents/2008/ipg080212.xml
wrote to /home/minyoon/invcount/2008/ipg080212.csv
parsing for file: /data/patentdata/patents/2008/ipg080513.xml
wrote to /home/minyoon/invcount/2008/ipg080513.csv
parsing for file: /data/patentdata/patents/2008/ipg080708.xml
wrote to /home/minyoon/invcount/2008/ipg080708.csv
parsing for file: /data/patentdata/patents/2008/ipg081230.xml
wrote to /home/minyoon/invcount/2008/ipg081230.csv
parsing for file: /data/patentdata/patents/2008/ipg080812.xml
wrote to /home/minyoon/invcount/2008/ipg080812.csv
parsing for file: /data/patentdata/patents/2008/ipg080205.xml
wrote to /home/minyoon/invcount/2008/ipg080205.csv
parsing for file: /data/patentdata/patents/2008/ipg080401.xml
wrote to /home/minyoon/invcount/2008/ipg080401.csv
parsing for file: /data/patentdata/patents/2008/ipg080325.xml
wrote to /home/minyoon/invcount/2008/ipg080325.csv
parsing for file: /data/patentdata/patents/2008/ipg080219.xml
wrote to /home/minyoon/invcount/2008/ipg080219.csv
parsing for file: /data/patentdata/patents/2008/ipg080916.xml
wrote to /home/minyoon/invcount/2008/ipg080916.csv
parsing for file: /data/patentdata/patents/2008/ipg081216.xml
wrote to /home/minyoon/invcount/2008/ipg081216.csv
parsing for file: /data/patentdata/patents/2008/ipg080902.xml
wrote to /home/minyoon/invcount/2008/ipg080902.csv
parsing for file: /data/patentdata/patents/2008/ipg080624.xml
wrote to /home/minyoon/invcount/2008/ipg080624.csv
parsing for file: /data/patentdata/patents/2008/ipg080715.xml
wrote to /home/minyoon/invcount/2008/ipg080715.csv
parsing for file: /data/patentdata/patents/2008/ipg080610.xml
wrote to /home/minyoon/invcount/2008/ipg080610.csv
parsing for file: /data/patentdata/patents/2008/ipg080805.xml
wrote to /home/minyoon/invcount/2008/ipg080805.csv
parsing for file: /data/patentdata/patents/2008/ipg080115.xml
wrote to /home/minyoon/invcount/2008/ipg080115.csv
parsing for file: /data/patentdata/patents/2008/ipg080722.xml
wrote to /home/minyoon/invcount/2008/ipg080722.csv
parsing for file: /data/patentdata/patents/2008/ipg080122.xml
wrote to /home/minyoon/invcount/2008/ipg080122.csv
parsing for file: /data/patentdata/patents/2008/ipg080520.xml
wrote to /home/minyoon/invcount/2008/ipg080520.csv
parsing for file: /data/patentdata/patents/2008/ipg081111.xml
wrote to /home/minyoon/invcount/2008/ipg081111.csv
parsing for file: /data/patentdata/patents/2008/ipg080617.xml
wrote to /home/minyoon/invcount/2008/ipg080617.csv
parsing for file: /data/patentdata/patents/2008/ipg080101.xml
wrote to /home/minyoon/invcount/2008/ipg080101.csv
parsing for file: /data/patentdata/patents/2008/ipg081118.xml
wrote to /home/minyoon/invcount/2008/ipg081118.csv
parsing for file: /data/patentdata/patents/2008/ipg080408.xml
wrote to /home/minyoon/invcount/2008/ipg080408.csv
parsing for file: /data/patentdata/patents/2008/ipg081007.xml
wrote to /home/minyoon/invcount/2008/ipg081007.csv
parsing for file: /data/patentdata/patents/2008/ipg081202.xml
wrote to /home/minyoon/invcount/2008/ipg081202.csv
parsing for file: /data/patentdata/patents/2008/ipg080527.xml
wrote to /home/minyoon/invcount/2008/ipg080527.csv
parsing for file: /data/patentdata/patents/2008/ipg081125.xml
wrote to /home/minyoon/invcount/2008/ipg081125.csv
parsing for file: /data/patentdata/patents/2008/ipg080930.xml
wrote to /home/minyoon/invcount/2008/ipg080930.csv
parsing for file: /data/patentdata/patents/2008/ipg080226.xml
wrote to /home/minyoon/invcount/2008/ipg080226.csv
parsing for file: /data/patentdata/patents/2008/ipg081223.xml
wrote to /home/minyoon/invcount/2008/ipg081223.csv
parsing for file: /data/patentdata/patents/2008/ipg080603.xml
wrote to /home/minyoon/invcount/2008/ipg080603.csv
parsing for file: /data/patentdata/patents/2008/ipg080826.xml
wrote to /home/minyoon/invcount/2008/ipg080826.csv
parsing for year: 2009
parsing for file: /data/patentdata/patents/2009/ipg090901.xml
wrote to /home/minyoon/invcount/2009/ipg090901.csv
parsing for file: /data/patentdata/patents/2009/ipg090804.xml
wrote to /home/minyoon/invcount/2009/ipg090804.csv
parsing for file: /data/patentdata/patents/2009/ipg090414.xml
wrote to /home/minyoon/invcount/2009/ipg090414.csv
parsing for file: /data/patentdata/patents/2009/ipg090331.xml
wrote to /home/minyoon/invcount/2009/ipg090331.csv
parsing for file: /data/patentdata/patents/2009/ipg091201.xml
wrote to /home/minyoon/invcount/2009/ipg091201.csv
parsing for file: /data/patentdata/patents/2009/ipg090818.xml
wrote to /home/minyoon/invcount/2009/ipg090818.csv
parsing for file: /data/patentdata/patents/2009/ipg090526.xml
wrote to /home/minyoon/invcount/2009/ipg090526.csv
parsing for file: /data/patentdata/patents/2009/ipg090616.xml
wrote to /home/minyoon/invcount/2009/ipg090616.csv
parsing for file: /data/patentdata/patents/2009/ipg091020.xml
wrote to /home/minyoon/invcount/2009/ipg091020.csv
parsing for file: /data/patentdata/patents/2009/ipg090630.xml
wrote to /home/minyoon/invcount/2009/ipg090630.csv
parsing for file: /data/patentdata/patents/2009/ipg090407.xml
wrote to /home/minyoon/invcount/2009/ipg090407.csv
parsing for file: /data/patentdata/patents/2009/ipg090707.xml
wrote to /home/minyoon/invcount/2009/ipg090707.csv
parsing for file: /data/patentdata/patents/2009/ipg091117.xml
wrote to /home/minyoon/invcount/2009/ipg091117.csv
parsing for file: /data/patentdata/patents/2009/ipg090303.xml
wrote to /home/minyoon/invcount/2009/ipg090303.csv
parsing for file: /data/patentdata/patents/2009/ipg091222.xml
wrote to /home/minyoon/invcount/2009/ipg091222.csv
parsing for file: /data/patentdata/patents/2009/ipg090929.xml
wrote to /home/minyoon/invcount/2009/ipg090929.csv
parsing for file: /data/patentdata/patents/2009/ipg091013.xml
wrote to /home/minyoon/invcount/2009/ipg091013.csv
parsing for file: /data/patentdata/patents/2009/ipg090428.xml
wrote to /home/minyoon/invcount/2009/ipg090428.csv
parsing for file: /data/patentdata/patents/2009/ipg090602.xml
wrote to /home/minyoon/invcount/2009/ipg090602.csv
parsing for file: /data/patentdata/patents/2009/ipg090714.xml
wrote to /home/minyoon/invcount/2009/ipg090714.csv
parsing for file: /data/patentdata/patents/2009/ipg090609.xml
wrote to /home/minyoon/invcount/2009/ipg090609.csv
parsing for file: /data/patentdata/patents/2009/ipg090224.xml
wrote to /home/minyoon/invcount/2009/ipg090224.csv
parsing for file: /data/patentdata/patents/2009/ipg090811.xml
wrote to /home/minyoon/invcount/2009/ipg090811.csv
parsing for file: /data/patentdata/patents/2009/ipg090512.xml
wrote to /home/minyoon/invcount/2009/ipg090512.csv
parsing for file: /data/patentdata/patents/2009/ipg090324.xml
wrote to /home/minyoon/invcount/2009/ipg090324.csv
parsing for file: /data/patentdata/patents/2009/ipg090217.xml
wrote to /home/minyoon/invcount/2009/ipg090217.csv
parsing for file: /data/patentdata/patents/2009/ipg091006.xml
wrote to /home/minyoon/invcount/2009/ipg091006.csv
parsing for file: /data/patentdata/patents/2009/ipg091103.xml
wrote to /home/minyoon/invcount/2009/ipg091103.csv
parsing for file: /data/patentdata/patents/2009/ipg090519.xml
wrote to /home/minyoon/invcount/2009/ipg090519.csv
parsing for file: /data/patentdata/patents/2009/ipg090317.xml
wrote to /home/minyoon/invcount/2009/ipg090317.csv
parsing for file: /data/patentdata/patents/2009/ipg090421.xml
wrote to /home/minyoon/invcount/2009/ipg090421.csv
parsing for file: /data/patentdata/patents/2009/ipg090915.xml
wrote to /home/minyoon/invcount/2009/ipg090915.csv
parsing for file: /data/patentdata/patents/2009/ipg090210.xml
wrote to /home/minyoon/invcount/2009/ipg090210.csv
parsing for file: /data/patentdata/patents/2009/ipg090505.xml
wrote to /home/minyoon/invcount/2009/ipg090505.csv
parsing for file: /data/patentdata/patents/2009/ipg091215.xml
wrote to /home/minyoon/invcount/2009/ipg091215.csv
parsing for file: /data/patentdata/patents/2009/ipg091110.xml
wrote to /home/minyoon/invcount/2009/ipg091110.csv
parsing for file: /data/patentdata/patents/2009/ipg090203.xml
wrote to /home/minyoon/invcount/2009/ipg090203.csv
parsing for file: /data/patentdata/patents/2009/ipg091124.xml
wrote to /home/minyoon/invcount/2009/ipg091124.csv
parsing for file: /data/patentdata/patents/2009/ipg090825.xml
wrote to /home/minyoon/invcount/2009/ipg090825.csv
parsing for file: /data/patentdata/patents/2009/ipg090113.xml
wrote to /home/minyoon/invcount/2009/ipg090113.csv
parsing for file: /data/patentdata/patents/2009/ipg091208.xml
wrote to /home/minyoon/invcount/2009/ipg091208.csv
parsing for file: /data/patentdata/patents/2009/ipg090127.xml
wrote to /home/minyoon/invcount/2009/ipg090127.csv
parsing for file: /data/patentdata/patents/2009/ipg090623.xml
wrote to /home/minyoon/invcount/2009/ipg090623.csv
parsing for file: /data/patentdata/patents/2009/ipg090721.xml
wrote to /home/minyoon/invcount/2009/ipg090721.csv
parsing for file: /data/patentdata/patents/2009/ipg090310.xml
wrote to /home/minyoon/invcount/2009/ipg090310.csv
parsing for file: /data/patentdata/patents/2009/ipg090908.xml
wrote to /home/minyoon/invcount/2009/ipg090908.csv
parsing for file: /data/patentdata/patents/2009/ipg090120.xml
wrote to /home/minyoon/invcount/2009/ipg090120.csv
parsing for file: /data/patentdata/patents/2009/ipg090922.xml
wrote to /home/minyoon/invcount/2009/ipg090922.csv
parsing for file: /data/patentdata/patents/2009/ipg090106.xml
wrote to /home/minyoon/invcount/2009/ipg090106.csv
parsing for file: /data/patentdata/patents/2009/ipg091027.xml
wrote to /home/minyoon/invcount/2009/ipg091027.csv
parsing for file: /data/patentdata/patents/2009/ipg091229.xml
wrote to /home/minyoon/invcount/2009/ipg091229.csv
parsing for file: /data/patentdata/patents/2009/ipg090728.xml
wrote to /home/minyoon/invcount/2009/ipg090728.csv
parsing for year: 2010
parsing for file: /data/patentdata/patents/2010/ipg100112.xml
wrote to /home/minyoon/invcount/2010/ipg100112.csv
parsing for file: /data/patentdata/patents/2010/ipg100216.xml
wrote to /home/minyoon/invcount/2010/ipg100216.csv
parsing for file: /data/patentdata/patents/2010/ipg100518.xml
wrote to /home/minyoon/invcount/2010/ipg100518.csv
parsing for file: /data/patentdata/patents/2010/ipg100525.xml
wrote to /home/minyoon/invcount/2010/ipg100525.csv
parsing for file: /data/patentdata/patents/2010/ipg100727.xml
wrote to /home/minyoon/invcount/2010/ipg100727.csv
parsing for file: /data/patentdata/patents/2010/ipg100511.xml
wrote to /home/minyoon/invcount/2010/ipg100511.csv
parsing for file: /data/patentdata/patents/2010/ipg100928.xml
wrote to /home/minyoon/invcount/2010/ipg100928.csv
parsing for file: /data/patentdata/patents/2010/ipg100504.xml
wrote to /home/minyoon/invcount/2010/ipg100504.csv
parsing for file: /data/patentdata/patents/2010/ipg100223.xml
wrote to /home/minyoon/invcount/2010/ipg100223.csv
parsing for file: /data/patentdata/patents/2010/ipg100427.xml
wrote to /home/minyoon/invcount/2010/ipg100427.csv
parsing for file: /data/patentdata/patents/2010/ipg100420.xml
wrote to /home/minyoon/invcount/2010/ipg100420.csv
parsing for file: /data/patentdata/patents/2010/ipg100629.xml
wrote to /home/minyoon/invcount/2010/ipg100629.csv
parsing for file: /data/patentdata/patents/2010/ipg100202.xml
wrote to /home/minyoon/invcount/2010/ipg100202.csv
parsing for file: /data/patentdata/patents/2010/ipg100119.xml
wrote to /home/minyoon/invcount/2010/ipg100119.csv
parsing for file: /data/patentdata/patents/2010/ipg100810.xml
wrote to /home/minyoon/invcount/2010/ipg100810.csv
parsing for file: /data/patentdata/patents/2010/ipg100803.xml
wrote to /home/minyoon/invcount/2010/ipg100803.csv
parsing for file: /data/patentdata/patents/2010/ipg101109.xml
wrote to /home/minyoon/invcount/2010/ipg101109.csv
parsing for file: /data/patentdata/patents/2010/ipg100914.xml
wrote to /home/minyoon/invcount/2010/ipg100914.csv
parsing for file: /data/patentdata/patents/2010/ipg100921.xml
wrote to /home/minyoon/invcount/2010/ipg100921.csv
parsing for file: /data/patentdata/patents/2010/ipg100720.xml
wrote to /home/minyoon/invcount/2010/ipg100720.csv
parsing for file: /data/patentdata/patents/2010/ipg100316.xml
wrote to /home/minyoon/invcount/2010/ipg100316.csv
parsing for file: /data/patentdata/patents/2010/ipg101130.xml
wrote to /home/minyoon/invcount/2010/ipg101130.csv
parsing for file: /data/patentdata/patents/2010/ipg101026.xml
wrote to /home/minyoon/invcount/2010/ipg101026.csv
parsing for file: /data/patentdata/patents/2010/ipg101214.xml
wrote to /home/minyoon/invcount/2010/ipg101214.csv
parsing for file: /data/patentdata/patents/2010/ipg100824.xml
wrote to /home/minyoon/invcount/2010/ipg100824.csv
parsing for file: /data/patentdata/patents/2010/ipg100302.xml
wrote to /home/minyoon/invcount/2010/ipg100302.csv
parsing for file: /data/patentdata/patents/2010/ipg100323.xml
wrote to /home/minyoon/invcount/2010/ipg100323.csv
parsing for file: /data/patentdata/patents/2010/ipg100309.xml
wrote to /home/minyoon/invcount/2010/ipg100309.csv
parsing for file: /data/patentdata/patents/2010/ipg101123.xml
wrote to /home/minyoon/invcount/2010/ipg101123.csv
parsing for file: /data/patentdata/patents/2010/ipg101207.xml
wrote to /home/minyoon/invcount/2010/ipg101207.csv
parsing for file: /data/patentdata/patents/2010/ipg100608.xml
wrote to /home/minyoon/invcount/2010/ipg100608.csv
parsing for file: /data/patentdata/patents/2010/ipg101012.xml
wrote to /home/minyoon/invcount/2010/ipg101012.csv
parsing for file: /data/patentdata/patents/2010/ipg100406.xml
wrote to /home/minyoon/invcount/2010/ipg100406.csv
parsing for file: /data/patentdata/patents/2010/ipg100907.xml
wrote to /home/minyoon/invcount/2010/ipg100907.csv
parsing for file: /data/patentdata/patents/2010/ipg100209.xml
wrote to /home/minyoon/invcount/2010/ipg100209.csv
parsing for file: /data/patentdata/patents/2010/ipg101102.xml
wrote to /home/minyoon/invcount/2010/ipg101102.csv
parsing for file: /data/patentdata/patents/2010/ipg100817.xml
wrote to /home/minyoon/invcount/2010/ipg100817.csv
parsing for file: /data/patentdata/patents/2010/ipg101019.xml
wrote to /home/minyoon/invcount/2010/ipg101019.csv
parsing for file: /data/patentdata/patents/2010/ipg100713.xml
wrote to /home/minyoon/invcount/2010/ipg100713.csv
parsing for file: /data/patentdata/patents/2010/ipg100622.xml
wrote to /home/minyoon/invcount/2010/ipg100622.csv
parsing for file: /data/patentdata/patents/2010/ipg100831.xml
wrote to /home/minyoon/invcount/2010/ipg100831.csv
parsing for file: /data/patentdata/patents/2010/ipg100615.xml
wrote to /home/minyoon/invcount/2010/ipg100615.csv
parsing for file: /data/patentdata/patents/2010/ipg100126.xml
wrote to /home/minyoon/invcount/2010/ipg100126.csv
parsing for file: /data/patentdata/patents/2010/ipg101005.xml
wrote to /home/minyoon/invcount/2010/ipg101005.csv
parsing for file: /data/patentdata/patents/2010/ipg100413.xml
wrote to /home/minyoon/invcount/2010/ipg100413.csv
parsing for file: /data/patentdata/patents/2010/ipg100330.xml
wrote to /home/minyoon/invcount/2010/ipg100330.csv
parsing for file: /data/patentdata/patents/2010/ipg101116.xml
wrote to /home/minyoon/invcount/2010/ipg101116.csv
parsing for file: /data/patentdata/patents/2010/ipg100105.xml
wrote to /home/minyoon/invcount/2010/ipg100105.csv
parsing for file: /data/patentdata/patents/2010/ipg100706.xml
wrote to /home/minyoon/invcount/2010/ipg100706.csv
parsing for file: /data/patentdata/patents/2010/ipg100601.xml
wrote to /home/minyoon/invcount/2010/ipg100601.csv
parsing for file: /data/patentdata/patents/2010/ipg101228.xml
wrote to /home/minyoon/invcount/2010/ipg101228.csv
parsing for file: /data/patentdata/patents/2010/ipg101221.xml
wrote to /home/minyoon/invcount/2010/ipg101221.csv
